Terminals unused in grammar

    EXTENDS
    LOWER_THAN_ELSE


State 60 conflicts: 1 shift/reduce
State 82 conflicts: 1 shift/reduce
State 83 conflicts: 1 shift/reduce
State 84 conflicts: 1 shift/reduce
State 85 conflicts: 1 shift/reduce
State 86 conflicts: 11 shift/reduce
State 87 conflicts: 1 shift/reduce
State 88 conflicts: 1 shift/reduce
State 89 conflicts: 1 shift/reduce
State 90 conflicts: 1 shift/reduce
State 142 conflicts: 1 shift/reduce


Grammar

    0 $accept: Goal "end of file"

    1 Goal: MainClass ClassDeclarationList

    2 MainClass: PUBLIC CLASS Identifier LEFT_BRACE ClassBody RIGHT_BRACE

    3 MainMethod: PUBLIC STATIC VOID MAIN LEFT_PARENTHESIS STRING LEFT_BRACKET RIGHT_BRACKET Identifier RIGHT_PARENTHESIS LEFT_BRACE MethodBody RIGHT_BRACE

    4 ClassDeclarationList: ClassDeclaration ClassDeclarationList
    5                     | ε

    6 ClassDeclaration: CLASS Identifier LEFT_BRACE ClassBody RIGHT_BRACE

    7 VarDeclaration: TypeOrIdentifier Identifier SEMICOLON
    8               | TypeOrIdentifier Identifier ASSIGN Expression SEMICOLON

    9 TypeOrIdentifier: Type
   10                 | Identifier

   11 MethodDeclaration: PUBLIC TypeOrIdentifier Identifier LEFT_PARENTHESIS ParameterList RIGHT_PARENTHESIS LEFT_BRACE MethodBody RETURN Expression SEMICOLON RIGHT_BRACE

   12 MethodBody: MethodBodyItem MethodBody
   13           | ε

   14 MethodBodyItem: VarDeclaration
   15               | Statement

   16 ClassBody: ClassBodyItem ClassBody
   17          | ε

   18 ClassBodyItem: VarDeclaration
   19              | MethodDeclaration
   20              | MainMethod

   21 ParameterList: Parameter
   22              | Parameter COMMA ParameterList
   23              | ε

   24 Parameter: Type Identifier
   25          | Identifier Identifier

   26 Type: INT LEFT_BRACKET RIGHT_BRACKET
   27     | BOOLEAN
   28     | INT
   29     | STRING LEFT_BRACKET RIGHT_BRACKET

   30 StatementList: Statement StatementList
   31              | ε

   32 Statement: IF LEFT_PARENTHESIS Expression RIGHT_PARENTHESIS Statement
   33          | IF LEFT_PARENTHESIS Expression RIGHT_PARENTHESIS Statement ELSE Statement
   34          | WHILE LEFT_PARENTHESIS Expression RIGHT_PARENTHESIS Statement
   35          | SYSTEM_OUT_PRINTLN LEFT_PARENTHESIS Expression RIGHT_PARENTHESIS SEMICOLON
   36          | IDENTIFIER ASSIGN Expression SEMICOLON
   37          | LEFT_BRACE StatementList RIGHT_BRACE

   38 ExpressionList: Expression
   39               | Expression COMMA ExpressionList
   40               | ε

   41 Expression: Expression AND Expression
   42           | Expression OR Expression
   43           | Expression LESS_THAN Expression
   44           | Expression GREATER_THAN Expression
   45           | Expression ADD Expression
   46           | Expression SUBTRACT Expression
   47           | Expression MULTIPLY Expression
   48           | Expression EQUAL Expression
   49           | Expression DIVIDE Expression
   50           | Expression LEFT_BRACKET Expression RIGHT_BRACKET
   51           | Expression DOT LENGTH
   52           | Expression DOT Identifier LEFT_PARENTHESIS ExpressionList RIGHT_PARENTHESIS
   53           | INTEGER_LITERAL
   54           | TRUE
   55           | FALSE
   56           | Identifier
   57           | THIS
   58           | NEW INT LEFT_BRACKET Expression RIGHT_BRACKET
   59           | NEW Identifier LEFT_PARENTHESIS RIGHT_PARENTHESIS
   60           | NOT Expression
   61           | LEFT_PARENTHESIS Expression RIGHT_PARENTHESIS

   62 Identifier: IDENTIFIER


Terminals, with rules where they appear

    "end of file" (0) 0
    error (256)
    PUBLIC <std::string> (258) 2 3 11
    CLASS <std::string> (259) 2 6
    VOID <std::string> (260) 3
    MAIN <std::string> (261) 3
    STRING <std::string> (262) 3 29
    INT <std::string> (263) 26 28 58
    BOOLEAN <std::string> (264) 27
    IF <std::string> (265) 32 33
    ELSE <std::string> (266) 33
    WHILE <std::string> (267) 34
    TRUE <std::string> (268) 54
    FALSE <std::string> (269) 55
    THIS <std::string> (270) 57
    NEW <std::string> (271) 58 59
    NOT <std::string> (272) 60
    AND <std::string> (273) 41
    OR <std::string> (274) 42
    LESS_THAN <std::string> (275) 43
    GREATER_THAN <std::string> (276) 44
    EQUAL <std::string> (277) 48
    ADD <std::string> (278) 45
    SUBTRACT <std::string> (279) 46
    MULTIPLY <std::string> (280) 47
    DIVIDE <std::string> (281) 49
    LENGTH <std::string> (282) 51
    LEFT_BRACE <std::string> (283) 2 3 6 11 37
    RIGHT_BRACE <std::string> (284) 2 3 6 11 37
    LEFT_PARENTHESIS <std::string> (285) 3 11 32 33 34 35 52 59 61
    RIGHT_PARENTHESIS <std::string> (286) 3 11 32 33 34 35 52 59 61
    LEFT_BRACKET <std::string> (287) 3 26 29 50 58
    RIGHT_BRACKET <std::string> (288) 3 26 29 50 58
    DOT <std::string> (289) 51 52
    COMMA <std::string> (290) 22 39
    SEMICOLON <std::string> (291) 7 8 11 35 36
    ASSIGN <std::string> (292) 8 36
    IDENTIFIER <std::string> (293) 36 62
    INTEGER_LITERAL <std::string> (294) 53
    STATIC <std::string> (295) 3
    RETURN <std::string> (296) 11
    SYSTEM_OUT_PRINTLN <std::string> (297) 35
    EXTENDS <std::string> (298)
    LOWER_THAN_ELSE (299)


Nonterminals, with rules where they appear

    $accept (45)
        on left: 0
    Goal <Node*> (46)
        on left: 1
        on right: 0
    MainClass <Node*> (47)
        on left: 2
        on right: 1
    MainMethod <Node*> (48)
        on left: 3
        on right: 20
    ClassDeclarationList <std::list<Node*>> (49)
        on left: 4 5
        on right: 1 4
    ClassDeclaration <Node*> (50)
        on left: 6
        on right: 4
    VarDeclaration <Node*> (51)
        on left: 7 8
        on right: 14 18
    TypeOrIdentifier <std::string> (52)
        on left: 9 10
        on right: 7 8 11
    MethodDeclaration <Node*> (53)
        on left: 11
        on right: 19
    MethodBody <std::list<Node*>> (54)
        on left: 12 13
        on right: 3 11 12
    MethodBodyItem <Node*> (55)
        on left: 14 15
        on right: 12
    ClassBody <std::list<Node*>> (56)
        on left: 16 17
        on right: 2 6 16
    ClassBodyItem <Node*> (57)
        on left: 18 19 20
        on right: 16
    ParameterList <std::list<Node*>> (58)
        on left: 21 22 23
        on right: 11 22
    Parameter <Node*> (59)
        on left: 24 25
        on right: 21 22
    Type <std::string> (60)
        on left: 26 27 28 29
        on right: 9 24
    StatementList <std::list<Node*>> (61)
        on left: 30 31
        on right: 30 37
    Statement <Node*> (62)
        on left: 32 33 34 35 36 37
        on right: 15 30 32 33 34
    ExpressionList <std::list<Node*>> (63)
        on left: 38 39 40
        on right: 39 52
    Expression <Node*> (64)
        on left: 41 42 43 44 45 46 47 48 49 50 51 52 53 54 55 56 57 58 59 60 61
        on right: 8 11 32 33 34 35 36 38 39 41 42 43 44 45 46 47 48 49 50 51 52 58 60 61
    Identifier <std::string> (65)
        on left: 62
        on right: 2 3 6 7 8 10 11 24 25 52 56 59


State 0

    0 $accept: • Goal "end of file"

    PUBLIC  shift, and go to state 1

    Goal       go to state 2
    MainClass  go to state 3


State 1

    2 MainClass: PUBLIC • CLASS Identifier LEFT_BRACE ClassBody RIGHT_BRACE

    CLASS  shift, and go to state 4


State 2

    0 $accept: Goal • "end of file"

    "end of file"  shift, and go to state 5


State 3

    1 Goal: MainClass • ClassDeclarationList

    CLASS  shift, and go to state 6

    $default  reduce using rule 5 (ClassDeclarationList)

    ClassDeclarationList  go to state 7
    ClassDeclaration      go to state 8


State 4

    2 MainClass: PUBLIC CLASS • Identifier LEFT_BRACE ClassBody RIGHT_BRACE

    IDENTIFIER  shift, and go to state 9

    Identifier  go to state 10


State 5

    0 $accept: Goal "end of file" •

    $default  accept


State 6

    6 ClassDeclaration: CLASS • Identifier LEFT_BRACE ClassBody RIGHT_BRACE

    IDENTIFIER  shift, and go to state 9

    Identifier  go to state 11


State 7

    1 Goal: MainClass ClassDeclarationList •

    $default  reduce using rule 1 (Goal)


State 8

    4 ClassDeclarationList: ClassDeclaration • ClassDeclarationList

    CLASS  shift, and go to state 6

    $default  reduce using rule 5 (ClassDeclarationList)

    ClassDeclarationList  go to state 12
    ClassDeclaration      go to state 8


State 9

   62 Identifier: IDENTIFIER •

    $default  reduce using rule 62 (Identifier)


State 10

    2 MainClass: PUBLIC CLASS Identifier • LEFT_BRACE ClassBody RIGHT_BRACE

    LEFT_BRACE  shift, and go to state 13


State 11

    6 ClassDeclaration: CLASS Identifier • LEFT_BRACE ClassBody RIGHT_BRACE

    LEFT_BRACE  shift, and go to state 14


State 12

    4 ClassDeclarationList: ClassDeclaration ClassDeclarationList •

    $default  reduce using rule 4 (ClassDeclarationList)


State 13

    2 MainClass: PUBLIC CLASS Identifier LEFT_BRACE • ClassBody RIGHT_BRACE

    PUBLIC      shift, and go to state 15
    STRING      shift, and go to state 16
    INT         shift, and go to state 17
    BOOLEAN     shift, and go to state 18
    IDENTIFIER  shift, and go to state 9

    $default  reduce using rule 17 (ClassBody)

    MainMethod         go to state 19
    VarDeclaration     go to state 20
    TypeOrIdentifier   go to state 21
    MethodDeclaration  go to state 22
    ClassBody          go to state 23
    ClassBodyItem      go to state 24
    Type               go to state 25
    Identifier         go to state 26


State 14

    6 ClassDeclaration: CLASS Identifier LEFT_BRACE • ClassBody RIGHT_BRACE

    PUBLIC      shift, and go to state 15
    STRING      shift, and go to state 16
    INT         shift, and go to state 17
    BOOLEAN     shift, and go to state 18
    IDENTIFIER  shift, and go to state 9

    $default  reduce using rule 17 (ClassBody)

    MainMethod         go to state 19
    VarDeclaration     go to state 20
    TypeOrIdentifier   go to state 21
    MethodDeclaration  go to state 22
    ClassBody          go to state 27
    ClassBodyItem      go to state 24
    Type               go to state 25
    Identifier         go to state 26


State 15

    3 MainMethod: PUBLIC • STATIC VOID MAIN LEFT_PARENTHESIS STRING LEFT_BRACKET RIGHT_BRACKET Identifier RIGHT_PARENTHESIS LEFT_BRACE MethodBody RIGHT_BRACE
   11 MethodDeclaration: PUBLIC • TypeOrIdentifier Identifier LEFT_PARENTHESIS ParameterList RIGHT_PARENTHESIS LEFT_BRACE MethodBody RETURN Expression SEMICOLON RIGHT_BRACE

    STRING      shift, and go to state 16
    INT         shift, and go to state 17
    BOOLEAN     shift, and go to state 18
    IDENTIFIER  shift, and go to state 9
    STATIC      shift, and go to state 28

    TypeOrIdentifier  go to state 29
    Type              go to state 25
    Identifier        go to state 26


State 16

   29 Type: STRING • LEFT_BRACKET RIGHT_BRACKET

    LEFT_BRACKET  shift, and go to state 30


State 17

   26 Type: INT • LEFT_BRACKET RIGHT_BRACKET
   28     | INT •

    LEFT_BRACKET  shift, and go to state 31

    $default  reduce using rule 28 (Type)


State 18

   27 Type: BOOLEAN •

    $default  reduce using rule 27 (Type)


State 19

   20 ClassBodyItem: MainMethod •

    $default  reduce using rule 20 (ClassBodyItem)


State 20

   18 ClassBodyItem: VarDeclaration •

    $default  reduce using rule 18 (ClassBodyItem)


State 21

    7 VarDeclaration: TypeOrIdentifier • Identifier SEMICOLON
    8               | TypeOrIdentifier • Identifier ASSIGN Expression SEMICOLON

    IDENTIFIER  shift, and go to state 9

    Identifier  go to state 32


State 22

   19 ClassBodyItem: MethodDeclaration •

    $default  reduce using rule 19 (ClassBodyItem)


State 23

    2 MainClass: PUBLIC CLASS Identifier LEFT_BRACE ClassBody • RIGHT_BRACE

    RIGHT_BRACE  shift, and go to state 33


State 24

   16 ClassBody: ClassBodyItem • ClassBody

    PUBLIC      shift, and go to state 15
    STRING      shift, and go to state 16
    INT         shift, and go to state 17
    BOOLEAN     shift, and go to state 18
    IDENTIFIER  shift, and go to state 9

    $default  reduce using rule 17 (ClassBody)

    MainMethod         go to state 19
    VarDeclaration     go to state 20
    TypeOrIdentifier   go to state 21
    MethodDeclaration  go to state 22
    ClassBody          go to state 34
    ClassBodyItem      go to state 24
    Type               go to state 25
    Identifier         go to state 26


State 25

    9 TypeOrIdentifier: Type •

    $default  reduce using rule 9 (TypeOrIdentifier)


State 26

   10 TypeOrIdentifier: Identifier •

    $default  reduce using rule 10 (TypeOrIdentifier)


State 27

    6 ClassDeclaration: CLASS Identifier LEFT_BRACE ClassBody • RIGHT_BRACE

    RIGHT_BRACE  shift, and go to state 35


State 28

    3 MainMethod: PUBLIC STATIC • VOID MAIN LEFT_PARENTHESIS STRING LEFT_BRACKET RIGHT_BRACKET Identifier RIGHT_PARENTHESIS LEFT_BRACE MethodBody RIGHT_BRACE

    VOID  shift, and go to state 36


State 29

   11 MethodDeclaration: PUBLIC TypeOrIdentifier • Identifier LEFT_PARENTHESIS ParameterList RIGHT_PARENTHESIS LEFT_BRACE MethodBody RETURN Expression SEMICOLON RIGHT_BRACE

    IDENTIFIER  shift, and go to state 9

    Identifier  go to state 37


State 30

   29 Type: STRING LEFT_BRACKET • RIGHT_BRACKET

    RIGHT_BRACKET  shift, and go to state 38


State 31

   26 Type: INT LEFT_BRACKET • RIGHT_BRACKET

    RIGHT_BRACKET  shift, and go to state 39


State 32

    7 VarDeclaration: TypeOrIdentifier Identifier • SEMICOLON
    8               | TypeOrIdentifier Identifier • ASSIGN Expression SEMICOLON

    SEMICOLON  shift, and go to state 40
    ASSIGN     shift, and go to state 41


State 33

    2 MainClass: PUBLIC CLASS Identifier LEFT_BRACE ClassBody RIGHT_BRACE •

    $default  reduce using rule 2 (MainClass)


State 34

   16 ClassBody: ClassBodyItem ClassBody •

    $default  reduce using rule 16 (ClassBody)


State 35

    6 ClassDeclaration: CLASS Identifier LEFT_BRACE ClassBody RIGHT_BRACE •

    $default  reduce using rule 6 (ClassDeclaration)


State 36

    3 MainMethod: PUBLIC STATIC VOID • MAIN LEFT_PARENTHESIS STRING LEFT_BRACKET RIGHT_BRACKET Identifier RIGHT_PARENTHESIS LEFT_BRACE MethodBody RIGHT_BRACE

    MAIN  shift, and go to state 42


State 37

   11 MethodDeclaration: PUBLIC TypeOrIdentifier Identifier • LEFT_PARENTHESIS ParameterList RIGHT_PARENTHESIS LEFT_BRACE MethodBody RETURN Expression SEMICOLON RIGHT_BRACE

    LEFT_PARENTHESIS  shift, and go to state 43


State 38

   29 Type: STRING LEFT_BRACKET RIGHT_BRACKET •

    $default  reduce using rule 29 (Type)


State 39

   26 Type: INT LEFT_BRACKET RIGHT_BRACKET •

    $default  reduce using rule 26 (Type)


State 40

    7 VarDeclaration: TypeOrIdentifier Identifier SEMICOLON •

    $default  reduce using rule 7 (VarDeclaration)


State 41

    8 VarDeclaration: TypeOrIdentifier Identifier ASSIGN • Expression SEMICOLON

    TRUE              shift, and go to state 44
    FALSE             shift, and go to state 45
    THIS              shift, and go to state 46
    NEW               shift, and go to state 47
    NOT               shift, and go to state 48
    LEFT_PARENTHESIS  shift, and go to state 49
    IDENTIFIER        shift, and go to state 9
    INTEGER_LITERAL   shift, and go to state 50

    Expression  go to state 51
    Identifier  go to state 52


State 42

    3 MainMethod: PUBLIC STATIC VOID MAIN • LEFT_PARENTHESIS STRING LEFT_BRACKET RIGHT_BRACKET Identifier RIGHT_PARENTHESIS LEFT_BRACE MethodBody RIGHT_BRACE

    LEFT_PARENTHESIS  shift, and go to state 53


State 43

   11 MethodDeclaration: PUBLIC TypeOrIdentifier Identifier LEFT_PARENTHESIS • ParameterList RIGHT_PARENTHESIS LEFT_BRACE MethodBody RETURN Expression SEMICOLON RIGHT_BRACE

    STRING      shift, and go to state 16
    INT         shift, and go to state 17
    BOOLEAN     shift, and go to state 18
    IDENTIFIER  shift, and go to state 9

    $default  reduce using rule 23 (ParameterList)

    ParameterList  go to state 54
    Parameter      go to state 55
    Type           go to state 56
    Identifier     go to state 57


State 44

   54 Expression: TRUE •

    $default  reduce using rule 54 (Expression)


State 45

   55 Expression: FALSE •

    $default  reduce using rule 55 (Expression)


State 46

   57 Expression: THIS •

    $default  reduce using rule 57 (Expression)


State 47

   58 Expression: NEW • INT LEFT_BRACKET Expression RIGHT_BRACKET
   59           | NEW • Identifier LEFT_PARENTHESIS RIGHT_PARENTHESIS

    INT         shift, and go to state 58
    IDENTIFIER  shift, and go to state 9

    Identifier  go to state 59


State 48

   60 Expression: NOT • Expression

    TRUE              shift, and go to state 44
    FALSE             shift, and go to state 45
    THIS              shift, and go to state 46
    NEW               shift, and go to state 47
    NOT               shift, and go to state 48
    LEFT_PARENTHESIS  shift, and go to state 49
    IDENTIFIER        shift, and go to state 9
    INTEGER_LITERAL   shift, and go to state 50

    Expression  go to state 60
    Identifier  go to state 52


State 49

   61 Expression: LEFT_PARENTHESIS • Expression RIGHT_PARENTHESIS

    TRUE              shift, and go to state 44
    FALSE             shift, and go to state 45
    THIS              shift, and go to state 46
    NEW               shift, and go to state 47
    NOT               shift, and go to state 48
    LEFT_PARENTHESIS  shift, and go to state 49
    IDENTIFIER        shift, and go to state 9
    INTEGER_LITERAL   shift, and go to state 50

    Expression  go to state 61
    Identifier  go to state 52


State 50

   53 Expression: INTEGER_LITERAL •

    $default  reduce using rule 53 (Expression)


State 51

    8 VarDeclaration: TypeOrIdentifier Identifier ASSIGN Expression • SEMICOLON
   41 Expression: Expression • AND Expression
   42           | Expression • OR Expression
   43           | Expression • LESS_THAN Expression
   44           | Expression • GREATER_THAN Expression
   45           | Expression • ADD Expression
   46           | Expression • SUBTRACT Expression
   47           | Expression • MULTIPLY Expression
   48           | Expression • EQUAL Expression
   49           | Expression • DIVIDE Expression
   50           | Expression • LEFT_BRACKET Expression RIGHT_BRACKET
   51           | Expression • DOT LENGTH
   52           | Expression • DOT Identifier LEFT_PARENTHESIS ExpressionList RIGHT_PARENTHESIS

    AND           shift, and go to state 62
    OR            shift, and go to state 63
    LESS_THAN     shift, and go to state 64
    GREATER_THAN  shift, and go to state 65
    EQUAL         shift, and go to state 66
    ADD           shift, and go to state 67
    SUBTRACT      shift, and go to state 68
    MULTIPLY      shift, and go to state 69
    DIVIDE        shift, and go to state 70
    LEFT_BRACKET  shift, and go to state 71
    DOT           shift, and go to state 72
    SEMICOLON     shift, and go to state 73


State 52

   56 Expression: Identifier •

    $default  reduce using rule 56 (Expression)


State 53

    3 MainMethod: PUBLIC STATIC VOID MAIN LEFT_PARENTHESIS • STRING LEFT_BRACKET RIGHT_BRACKET Identifier RIGHT_PARENTHESIS LEFT_BRACE MethodBody RIGHT_BRACE

    STRING  shift, and go to state 74


State 54

   11 MethodDeclaration: PUBLIC TypeOrIdentifier Identifier LEFT_PARENTHESIS ParameterList • RIGHT_PARENTHESIS LEFT_BRACE MethodBody RETURN Expression SEMICOLON RIGHT_BRACE

    RIGHT_PARENTHESIS  shift, and go to state 75


State 55

   21 ParameterList: Parameter •
   22              | Parameter • COMMA ParameterList

    COMMA  shift, and go to state 76

    $default  reduce using rule 21 (ParameterList)


State 56

   24 Parameter: Type • Identifier

    IDENTIFIER  shift, and go to state 9

    Identifier  go to state 77


State 57

   25 Parameter: Identifier • Identifier

    IDENTIFIER  shift, and go to state 9

    Identifier  go to state 78


State 58

   58 Expression: NEW INT • LEFT_BRACKET Expression RIGHT_BRACKET

    LEFT_BRACKET  shift, and go to state 79


State 59

   59 Expression: NEW Identifier • LEFT_PARENTHESIS RIGHT_PARENTHESIS

    LEFT_PARENTHESIS  shift, and go to state 80


State 60

   41 Expression: Expression • AND Expression
   42           | Expression • OR Expression
   43           | Expression • LESS_THAN Expression
   44           | Expression • GREATER_THAN Expression
   45           | Expression • ADD Expression
   46           | Expression • SUBTRACT Expression
   47           | Expression • MULTIPLY Expression
   48           | Expression • EQUAL Expression
   49           | Expression • DIVIDE Expression
   50           | Expression • LEFT_BRACKET Expression RIGHT_BRACKET
   51           | Expression • DOT LENGTH
   52           | Expression • DOT Identifier LEFT_PARENTHESIS ExpressionList RIGHT_PARENTHESIS
   60           | NOT Expression •

    EQUAL         shift, and go to state 66
    LEFT_BRACKET  shift, and go to state 71
    DOT           shift, and go to state 72

    EQUAL     [reduce using rule 60 (Expression)]
    $default  reduce using rule 60 (Expression)


State 61

   41 Expression: Expression • AND Expression
   42           | Expression • OR Expression
   43           | Expression • LESS_THAN Expression
   44           | Expression • GREATER_THAN Expression
   45           | Expression • ADD Expression
   46           | Expression • SUBTRACT Expression
   47           | Expression • MULTIPLY Expression
   48           | Expression • EQUAL Expression
   49           | Expression • DIVIDE Expression
   50           | Expression • LEFT_BRACKET Expression RIGHT_BRACKET
   51           | Expression • DOT LENGTH
   52           | Expression • DOT Identifier LEFT_PARENTHESIS ExpressionList RIGHT_PARENTHESIS
   61           | LEFT_PARENTHESIS Expression • RIGHT_PARENTHESIS

    AND                shift, and go to state 62
    OR                 shift, and go to state 63
    LESS_THAN          shift, and go to state 64
    GREATER_THAN       shift, and go to state 65
    EQUAL              shift, and go to state 66
    ADD                shift, and go to state 67
    SUBTRACT           shift, and go to state 68
    MULTIPLY           shift, and go to state 69
    DIVIDE             shift, and go to state 70
    RIGHT_PARENTHESIS  shift, and go to state 81
    LEFT_BRACKET       shift, and go to state 71
    DOT                shift, and go to state 72


State 62

   41 Expression: Expression AND • Expression

    TRUE              shift, and go to state 44
    FALSE             shift, and go to state 45
    THIS              shift, and go to state 46
    NEW               shift, and go to state 47
    NOT               shift, and go to state 48
    LEFT_PARENTHESIS  shift, and go to state 49
    IDENTIFIER        shift, and go to state 9
    INTEGER_LITERAL   shift, and go to state 50

    Expression  go to state 82
    Identifier  go to state 52


State 63

   42 Expression: Expression OR • Expression

    TRUE              shift, and go to state 44
    FALSE             shift, and go to state 45
    THIS              shift, and go to state 46
    NEW               shift, and go to state 47
    NOT               shift, and go to state 48
    LEFT_PARENTHESIS  shift, and go to state 49
    IDENTIFIER        shift, and go to state 9
    INTEGER_LITERAL   shift, and go to state 50

    Expression  go to state 83
    Identifier  go to state 52


State 64

   43 Expression: Expression LESS_THAN • Expression

    TRUE              shift, and go to state 44
    FALSE             shift, and go to state 45
    THIS              shift, and go to state 46
    NEW               shift, and go to state 47
    NOT               shift, and go to state 48
    LEFT_PARENTHESIS  shift, and go to state 49
    IDENTIFIER        shift, and go to state 9
    INTEGER_LITERAL   shift, and go to state 50

    Expression  go to state 84
    Identifier  go to state 52


State 65

   44 Expression: Expression GREATER_THAN • Expression

    TRUE              shift, and go to state 44
    FALSE             shift, and go to state 45
    THIS              shift, and go to state 46
    NEW               shift, and go to state 47
    NOT               shift, and go to state 48
    LEFT_PARENTHESIS  shift, and go to state 49
    IDENTIFIER        shift, and go to state 9
    INTEGER_LITERAL   shift, and go to state 50

    Expression  go to state 85
    Identifier  go to state 52


State 66

   48 Expression: Expression EQUAL • Expression

    TRUE              shift, and go to state 44
    FALSE             shift, and go to state 45
    THIS              shift, and go to state 46
    NEW               shift, and go to state 47
    NOT               shift, and go to state 48
    LEFT_PARENTHESIS  shift, and go to state 49
    IDENTIFIER        shift, and go to state 9
    INTEGER_LITERAL   shift, and go to state 50

    Expression  go to state 86
    Identifier  go to state 52


State 67

   45 Expression: Expression ADD • Expression

    TRUE              shift, and go to state 44
    FALSE             shift, and go to state 45
    THIS              shift, and go to state 46
    NEW               shift, and go to state 47
    NOT               shift, and go to state 48
    LEFT_PARENTHESIS  shift, and go to state 49
    IDENTIFIER        shift, and go to state 9
    INTEGER_LITERAL   shift, and go to state 50

    Expression  go to state 87
    Identifier  go to state 52


State 68

   46 Expression: Expression SUBTRACT • Expression

    TRUE              shift, and go to state 44
    FALSE             shift, and go to state 45
    THIS              shift, and go to state 46
    NEW               shift, and go to state 47
    NOT               shift, and go to state 48
    LEFT_PARENTHESIS  shift, and go to state 49
    IDENTIFIER        shift, and go to state 9
    INTEGER_LITERAL   shift, and go to state 50

    Expression  go to state 88
    Identifier  go to state 52


State 69

   47 Expression: Expression MULTIPLY • Expression

    TRUE              shift, and go to state 44
    FALSE             shift, and go to state 45
    THIS              shift, and go to state 46
    NEW               shift, and go to state 47
    NOT               shift, and go to state 48
    LEFT_PARENTHESIS  shift, and go to state 49
    IDENTIFIER        shift, and go to state 9
    INTEGER_LITERAL   shift, and go to state 50

    Expression  go to state 89
    Identifier  go to state 52


State 70

   49 Expression: Expression DIVIDE • Expression

    TRUE              shift, and go to state 44
    FALSE             shift, and go to state 45
    THIS              shift, and go to state 46
    NEW               shift, and go to state 47
    NOT               shift, and go to state 48
    LEFT_PARENTHESIS  shift, and go to state 49
    IDENTIFIER        shift, and go to state 9
    INTEGER_LITERAL   shift, and go to state 50

    Expression  go to state 90
    Identifier  go to state 52


State 71

   50 Expression: Expression LEFT_BRACKET • Expression RIGHT_BRACKET

    TRUE              shift, and go to state 44
    FALSE             shift, and go to state 45
    THIS              shift, and go to state 46
    NEW               shift, and go to state 47
    NOT               shift, and go to state 48
    LEFT_PARENTHESIS  shift, and go to state 49
    IDENTIFIER        shift, and go to state 9
    INTEGER_LITERAL   shift, and go to state 50

    Expression  go to state 91
    Identifier  go to state 52


State 72

   51 Expression: Expression DOT • LENGTH
   52           | Expression DOT • Identifier LEFT_PARENTHESIS ExpressionList RIGHT_PARENTHESIS

    LENGTH      shift, and go to state 92
    IDENTIFIER  shift, and go to state 9

    Identifier  go to state 93


State 73

    8 VarDeclaration: TypeOrIdentifier Identifier ASSIGN Expression SEMICOLON •

    $default  reduce using rule 8 (VarDeclaration)


State 74

    3 MainMethod: PUBLIC STATIC VOID MAIN LEFT_PARENTHESIS STRING • LEFT_BRACKET RIGHT_BRACKET Identifier RIGHT_PARENTHESIS LEFT_BRACE MethodBody RIGHT_BRACE

    LEFT_BRACKET  shift, and go to state 94


State 75

   11 MethodDeclaration: PUBLIC TypeOrIdentifier Identifier LEFT_PARENTHESIS ParameterList RIGHT_PARENTHESIS • LEFT_BRACE MethodBody RETURN Expression SEMICOLON RIGHT_BRACE

    LEFT_BRACE  shift, and go to state 95


State 76

   22 ParameterList: Parameter COMMA • ParameterList

    STRING      shift, and go to state 16
    INT         shift, and go to state 17
    BOOLEAN     shift, and go to state 18
    IDENTIFIER  shift, and go to state 9

    $default  reduce using rule 23 (ParameterList)

    ParameterList  go to state 96
    Parameter      go to state 55
    Type           go to state 56
    Identifier     go to state 57


State 77

   24 Parameter: Type Identifier •

    $default  reduce using rule 24 (Parameter)


State 78

   25 Parameter: Identifier Identifier •

    $default  reduce using rule 25 (Parameter)


State 79

   58 Expression: NEW INT LEFT_BRACKET • Expression RIGHT_BRACKET

    TRUE              shift, and go to state 44
    FALSE             shift, and go to state 45
    THIS              shift, and go to state 46
    NEW               shift, and go to state 47
    NOT               shift, and go to state 48
    LEFT_PARENTHESIS  shift, and go to state 49
    IDENTIFIER        shift, and go to state 9
    INTEGER_LITERAL   shift, and go to state 50

    Expression  go to state 97
    Identifier  go to state 52


State 80

   59 Expression: NEW Identifier LEFT_PARENTHESIS • RIGHT_PARENTHESIS

    RIGHT_PARENTHESIS  shift, and go to state 98


State 81

   61 Expression: LEFT_PARENTHESIS Expression RIGHT_PARENTHESIS •

    $default  reduce using rule 61 (Expression)


State 82

   41 Expression: Expression • AND Expression
   41           | Expression AND Expression •
   42           | Expression • OR Expression
   43           | Expression • LESS_THAN Expression
   44           | Expression • GREATER_THAN Expression
   45           | Expression • ADD Expression
   46           | Expression • SUBTRACT Expression
   47           | Expression • MULTIPLY Expression
   48           | Expression • EQUAL Expression
   49           | Expression • DIVIDE Expression
   50           | Expression • LEFT_BRACKET Expression RIGHT_BRACKET
   51           | Expression • DOT LENGTH
   52           | Expression • DOT Identifier LEFT_PARENTHESIS ExpressionList RIGHT_PARENTHESIS

    LESS_THAN     shift, and go to state 64
    GREATER_THAN  shift, and go to state 65
    EQUAL         shift, and go to state 66
    ADD           shift, and go to state 67
    SUBTRACT      shift, and go to state 68
    MULTIPLY      shift, and go to state 69
    DIVIDE        shift, and go to state 70
    LEFT_BRACKET  shift, and go to state 71
    DOT           shift, and go to state 72

    EQUAL     [reduce using rule 41 (Expression)]
    $default  reduce using rule 41 (Expression)


State 83

   41 Expression: Expression • AND Expression
   42           | Expression • OR Expression
   42           | Expression OR Expression •
   43           | Expression • LESS_THAN Expression
   44           | Expression • GREATER_THAN Expression
   45           | Expression • ADD Expression
   46           | Expression • SUBTRACT Expression
   47           | Expression • MULTIPLY Expression
   48           | Expression • EQUAL Expression
   49           | Expression • DIVIDE Expression
   50           | Expression • LEFT_BRACKET Expression RIGHT_BRACKET
   51           | Expression • DOT LENGTH
   52           | Expression • DOT Identifier LEFT_PARENTHESIS ExpressionList RIGHT_PARENTHESIS

    AND           shift, and go to state 62
    LESS_THAN     shift, and go to state 64
    GREATER_THAN  shift, and go to state 65
    EQUAL         shift, and go to state 66
    ADD           shift, and go to state 67
    SUBTRACT      shift, and go to state 68
    MULTIPLY      shift, and go to state 69
    DIVIDE        shift, and go to state 70
    LEFT_BRACKET  shift, and go to state 71
    DOT           shift, and go to state 72

    EQUAL     [reduce using rule 42 (Expression)]
    $default  reduce using rule 42 (Expression)


State 84

   41 Expression: Expression • AND Expression
   42           | Expression • OR Expression
   43           | Expression • LESS_THAN Expression
   43           | Expression LESS_THAN Expression •
   44           | Expression • GREATER_THAN Expression
   45           | Expression • ADD Expression
   46           | Expression • SUBTRACT Expression
   47           | Expression • MULTIPLY Expression
   48           | Expression • EQUAL Expression
   49           | Expression • DIVIDE Expression
   50           | Expression • LEFT_BRACKET Expression RIGHT_BRACKET
   51           | Expression • DOT LENGTH
   52           | Expression • DOT Identifier LEFT_PARENTHESIS ExpressionList RIGHT_PARENTHESIS

    EQUAL         shift, and go to state 66
    ADD           shift, and go to state 67
    SUBTRACT      shift, and go to state 68
    MULTIPLY      shift, and go to state 69
    DIVIDE        shift, and go to state 70
    LEFT_BRACKET  shift, and go to state 71
    DOT           shift, and go to state 72

    LESS_THAN     error (nonassociative)
    GREATER_THAN  error (nonassociative)

    EQUAL     [reduce using rule 43 (Expression)]
    $default  reduce using rule 43 (Expression)


State 85

   41 Expression: Expression • AND Expression
   42           | Expression • OR Expression
   43           | Expression • LESS_THAN Expression
   44           | Expression • GREATER_THAN Expression
   44           | Expression GREATER_THAN Expression •
   45           | Expression • ADD Expression
   46           | Expression • SUBTRACT Expression
   47           | Expression • MULTIPLY Expression
   48           | Expression • EQUAL Expression
   49           | Expression • DIVIDE Expression
   50           | Expression • LEFT_BRACKET Expression RIGHT_BRACKET
   51           | Expression • DOT LENGTH
   52           | Expression • DOT Identifier LEFT_PARENTHESIS ExpressionList RIGHT_PARENTHESIS

    EQUAL         shift, and go to state 66
    ADD           shift, and go to state 67
    SUBTRACT      shift, and go to state 68
    MULTIPLY      shift, and go to state 69
    DIVIDE        shift, and go to state 70
    LEFT_BRACKET  shift, and go to state 71
    DOT           shift, and go to state 72

    LESS_THAN     error (nonassociative)
    GREATER_THAN  error (nonassociative)

    EQUAL     [reduce using rule 44 (Expression)]
    $default  reduce using rule 44 (Expression)


State 86

   41 Expression: Expression • AND Expression
   42           | Expression • OR Expression
   43           | Expression • LESS_THAN Expression
   44           | Expression • GREATER_THAN Expression
   45           | Expression • ADD Expression
   46           | Expression • SUBTRACT Expression
   47           | Expression • MULTIPLY Expression
   48           | Expression • EQUAL Expression
   48           | Expression EQUAL Expression •
   49           | Expression • DIVIDE Expression
   50           | Expression • LEFT_BRACKET Expression RIGHT_BRACKET
   51           | Expression • DOT LENGTH
   52           | Expression • DOT Identifier LEFT_PARENTHESIS ExpressionList RIGHT_PARENTHESIS

    AND           shift, and go to state 62
    OR            shift, and go to state 63
    LESS_THAN     shift, and go to state 64
    GREATER_THAN  shift, and go to state 65
    EQUAL         shift, and go to state 66
    ADD           shift, and go to state 67
    SUBTRACT      shift, and go to state 68
    MULTIPLY      shift, and go to state 69
    DIVIDE        shift, and go to state 70
    LEFT_BRACKET  shift, and go to state 71
    DOT           shift, and go to state 72

    AND           [reduce using rule 48 (Expression)]
    OR            [reduce using rule 48 (Expression)]
    LESS_THAN     [reduce using rule 48 (Expression)]
    GREATER_THAN  [reduce using rule 48 (Expression)]
    EQUAL         [reduce using rule 48 (Expression)]
    ADD           [reduce using rule 48 (Expression)]
    SUBTRACT      [reduce using rule 48 (Expression)]
    MULTIPLY      [reduce using rule 48 (Expression)]
    DIVIDE        [reduce using rule 48 (Expression)]
    LEFT_BRACKET  [reduce using rule 48 (Expression)]
    DOT           [reduce using rule 48 (Expression)]
    $default      reduce using rule 48 (Expression)


State 87

   41 Expression: Expression • AND Expression
   42           | Expression • OR Expression
   43           | Expression • LESS_THAN Expression
   44           | Expression • GREATER_THAN Expression
   45           | Expression • ADD Expression
   45           | Expression ADD Expression •
   46           | Expression • SUBTRACT Expression
   47           | Expression • MULTIPLY Expression
   48           | Expression • EQUAL Expression
   49           | Expression • DIVIDE Expression
   50           | Expression • LEFT_BRACKET Expression RIGHT_BRACKET
   51           | Expression • DOT LENGTH
   52           | Expression • DOT Identifier LEFT_PARENTHESIS ExpressionList RIGHT_PARENTHESIS

    EQUAL         shift, and go to state 66
    MULTIPLY      shift, and go to state 69
    DIVIDE        shift, and go to state 70
    LEFT_BRACKET  shift, and go to state 71
    DOT           shift, and go to state 72

    EQUAL     [reduce using rule 45 (Expression)]
    $default  reduce using rule 45 (Expression)


State 88

   41 Expression: Expression • AND Expression
   42           | Expression • OR Expression
   43           | Expression • LESS_THAN Expression
   44           | Expression • GREATER_THAN Expression
   45           | Expression • ADD Expression
   46           | Expression • SUBTRACT Expression
   46           | Expression SUBTRACT Expression •
   47           | Expression • MULTIPLY Expression
   48           | Expression • EQUAL Expression
   49           | Expression • DIVIDE Expression
   50           | Expression • LEFT_BRACKET Expression RIGHT_BRACKET
   51           | Expression • DOT LENGTH
   52           | Expression • DOT Identifier LEFT_PARENTHESIS ExpressionList RIGHT_PARENTHESIS

    EQUAL         shift, and go to state 66
    MULTIPLY      shift, and go to state 69
    DIVIDE        shift, and go to state 70
    LEFT_BRACKET  shift, and go to state 71
    DOT           shift, and go to state 72

    EQUAL     [reduce using rule 46 (Expression)]
    $default  reduce using rule 46 (Expression)


State 89

   41 Expression: Expression • AND Expression
   42           | Expression • OR Expression
   43           | Expression • LESS_THAN Expression
   44           | Expression • GREATER_THAN Expression
   45           | Expression • ADD Expression
   46           | Expression • SUBTRACT Expression
   47           | Expression • MULTIPLY Expression
   47           | Expression MULTIPLY Expression •
   48           | Expression • EQUAL Expression
   49           | Expression • DIVIDE Expression
   50           | Expression • LEFT_BRACKET Expression RIGHT_BRACKET
   51           | Expression • DOT LENGTH
   52           | Expression • DOT Identifier LEFT_PARENTHESIS ExpressionList RIGHT_PARENTHESIS

    EQUAL         shift, and go to state 66
    LEFT_BRACKET  shift, and go to state 71
    DOT           shift, and go to state 72

    EQUAL     [reduce using rule 47 (Expression)]
    $default  reduce using rule 47 (Expression)


State 90

   41 Expression: Expression • AND Expression
   42           | Expression • OR Expression
   43           | Expression • LESS_THAN Expression
   44           | Expression • GREATER_THAN Expression
   45           | Expression • ADD Expression
   46           | Expression • SUBTRACT Expression
   47           | Expression • MULTIPLY Expression
   48           | Expression • EQUAL Expression
   49           | Expression • DIVIDE Expression
   49           | Expression DIVIDE Expression •
   50           | Expression • LEFT_BRACKET Expression RIGHT_BRACKET
   51           | Expression • DOT LENGTH
   52           | Expression • DOT Identifier LEFT_PARENTHESIS ExpressionList RIGHT_PARENTHESIS

    EQUAL         shift, and go to state 66
    LEFT_BRACKET  shift, and go to state 71
    DOT           shift, and go to state 72

    EQUAL     [reduce using rule 49 (Expression)]
    $default  reduce using rule 49 (Expression)


State 91

   41 Expression: Expression • AND Expression
   42           | Expression • OR Expression
   43           | Expression • LESS_THAN Expression
   44           | Expression • GREATER_THAN Expression
   45           | Expression • ADD Expression
   46           | Expression • SUBTRACT Expression
   47           | Expression • MULTIPLY Expression
   48           | Expression • EQUAL Expression
   49           | Expression • DIVIDE Expression
   50           | Expression • LEFT_BRACKET Expression RIGHT_BRACKET
   50           | Expression LEFT_BRACKET Expression • RIGHT_BRACKET
   51           | Expression • DOT LENGTH
   52           | Expression • DOT Identifier LEFT_PARENTHESIS ExpressionList RIGHT_PARENTHESIS

    AND            shift, and go to state 62
    OR             shift, and go to state 63
    LESS_THAN      shift, and go to state 64
    GREATER_THAN   shift, and go to state 65
    EQUAL          shift, and go to state 66
    ADD            shift, and go to state 67
    SUBTRACT       shift, and go to state 68
    MULTIPLY       shift, and go to state 69
    DIVIDE         shift, and go to state 70
    LEFT_BRACKET   shift, and go to state 71
    RIGHT_BRACKET  shift, and go to state 99
    DOT            shift, and go to state 72


State 92

   51 Expression: Expression DOT LENGTH •

    $default  reduce using rule 51 (Expression)


State 93

   52 Expression: Expression DOT Identifier • LEFT_PARENTHESIS ExpressionList RIGHT_PARENTHESIS

    LEFT_PARENTHESIS  shift, and go to state 100


State 94

    3 MainMethod: PUBLIC STATIC VOID MAIN LEFT_PARENTHESIS STRING LEFT_BRACKET • RIGHT_BRACKET Identifier RIGHT_PARENTHESIS LEFT_BRACE MethodBody RIGHT_BRACE

    RIGHT_BRACKET  shift, and go to state 101


State 95

   11 MethodDeclaration: PUBLIC TypeOrIdentifier Identifier LEFT_PARENTHESIS ParameterList RIGHT_PARENTHESIS LEFT_BRACE • MethodBody RETURN Expression SEMICOLON RIGHT_BRACE

    STRING              shift, and go to state 16
    INT                 shift, and go to state 17
    BOOLEAN             shift, and go to state 18
    IF                  shift, and go to state 102
    WHILE               shift, and go to state 103
    LEFT_BRACE          shift, and go to state 104
    IDENTIFIER          shift, and go to state 105
    SYSTEM_OUT_PRINTLN  shift, and go to state 106

    $default  reduce using rule 13 (MethodBody)

    VarDeclaration    go to state 107
    TypeOrIdentifier  go to state 21
    MethodBody        go to state 108
    MethodBodyItem    go to state 109
    Type              go to state 25
    Statement         go to state 110
    Identifier        go to state 26


State 96

   22 ParameterList: Parameter COMMA ParameterList •

    $default  reduce using rule 22 (ParameterList)


State 97

   41 Expression: Expression • AND Expression
   42           | Expression • OR Expression
   43           | Expression • LESS_THAN Expression
   44           | Expression • GREATER_THAN Expression
   45           | Expression • ADD Expression
   46           | Expression • SUBTRACT Expression
   47           | Expression • MULTIPLY Expression
   48           | Expression • EQUAL Expression
   49           | Expression • DIVIDE Expression
   50           | Expression • LEFT_BRACKET Expression RIGHT_BRACKET
   51           | Expression • DOT LENGTH
   52           | Expression • DOT Identifier LEFT_PARENTHESIS ExpressionList RIGHT_PARENTHESIS
   58           | NEW INT LEFT_BRACKET Expression • RIGHT_BRACKET

    AND            shift, and go to state 62
    OR             shift, and go to state 63
    LESS_THAN      shift, and go to state 64
    GREATER_THAN   shift, and go to state 65
    EQUAL          shift, and go to state 66
    ADD            shift, and go to state 67
    SUBTRACT       shift, and go to state 68
    MULTIPLY       shift, and go to state 69
    DIVIDE         shift, and go to state 70
    LEFT_BRACKET   shift, and go to state 71
    RIGHT_BRACKET  shift, and go to state 111
    DOT            shift, and go to state 72


State 98

   59 Expression: NEW Identifier LEFT_PARENTHESIS RIGHT_PARENTHESIS •

    $default  reduce using rule 59 (Expression)


State 99

   50 Expression: Expression LEFT_BRACKET Expression RIGHT_BRACKET •

    $default  reduce using rule 50 (Expression)


State 100

   52 Expression: Expression DOT Identifier LEFT_PARENTHESIS • ExpressionList RIGHT_PARENTHESIS

    TRUE              shift, and go to state 44
    FALSE             shift, and go to state 45
    THIS              shift, and go to state 46
    NEW               shift, and go to state 47
    NOT               shift, and go to state 48
    LEFT_PARENTHESIS  shift, and go to state 49
    IDENTIFIER        shift, and go to state 9
    INTEGER_LITERAL   shift, and go to state 50

    $default  reduce using rule 40 (ExpressionList)

    ExpressionList  go to state 112
    Expression      go to state 113
    Identifier      go to state 52


State 101

    3 MainMethod: PUBLIC STATIC VOID MAIN LEFT_PARENTHESIS STRING LEFT_BRACKET RIGHT_BRACKET • Identifier RIGHT_PARENTHESIS LEFT_BRACE MethodBody RIGHT_BRACE

    IDENTIFIER  shift, and go to state 9

    Identifier  go to state 114


State 102

   32 Statement: IF • LEFT_PARENTHESIS Expression RIGHT_PARENTHESIS Statement
   33          | IF • LEFT_PARENTHESIS Expression RIGHT_PARENTHESIS Statement ELSE Statement

    LEFT_PARENTHESIS  shift, and go to state 115


State 103

   34 Statement: WHILE • LEFT_PARENTHESIS Expression RIGHT_PARENTHESIS Statement

    LEFT_PARENTHESIS  shift, and go to state 116


State 104

   37 Statement: LEFT_BRACE • StatementList RIGHT_BRACE

    IF                  shift, and go to state 102
    WHILE               shift, and go to state 103
    LEFT_BRACE          shift, and go to state 104
    IDENTIFIER          shift, and go to state 117
    SYSTEM_OUT_PRINTLN  shift, and go to state 106

    $default  reduce using rule 31 (StatementList)

    StatementList  go to state 118
    Statement      go to state 119


State 105

   36 Statement: IDENTIFIER • ASSIGN Expression SEMICOLON
   62 Identifier: IDENTIFIER •

    ASSIGN  shift, and go to state 120

    $default  reduce using rule 62 (Identifier)


State 106

   35 Statement: SYSTEM_OUT_PRINTLN • LEFT_PARENTHESIS Expression RIGHT_PARENTHESIS SEMICOLON

    LEFT_PARENTHESIS  shift, and go to state 121


State 107

   14 MethodBodyItem: VarDeclaration •

    $default  reduce using rule 14 (MethodBodyItem)


State 108

   11 MethodDeclaration: PUBLIC TypeOrIdentifier Identifier LEFT_PARENTHESIS ParameterList RIGHT_PARENTHESIS LEFT_BRACE MethodBody • RETURN Expression SEMICOLON RIGHT_BRACE

    RETURN  shift, and go to state 122


State 109

   12 MethodBody: MethodBodyItem • MethodBody

    STRING              shift, and go to state 16
    INT                 shift, and go to state 17
    BOOLEAN             shift, and go to state 18
    IF                  shift, and go to state 102
    WHILE               shift, and go to state 103
    LEFT_BRACE          shift, and go to state 104
    IDENTIFIER          shift, and go to state 105
    SYSTEM_OUT_PRINTLN  shift, and go to state 106

    $default  reduce using rule 13 (MethodBody)

    VarDeclaration    go to state 107
    TypeOrIdentifier  go to state 21
    MethodBody        go to state 123
    MethodBodyItem    go to state 109
    Type              go to state 25
    Statement         go to state 110
    Identifier        go to state 26


State 110

   15 MethodBodyItem: Statement •

    $default  reduce using rule 15 (MethodBodyItem)


State 111

   58 Expression: NEW INT LEFT_BRACKET Expression RIGHT_BRACKET •

    $default  reduce using rule 58 (Expression)


State 112

   52 Expression: Expression DOT Identifier LEFT_PARENTHESIS ExpressionList • RIGHT_PARENTHESIS

    RIGHT_PARENTHESIS  shift, and go to state 124


State 113

   38 ExpressionList: Expression •
   39               | Expression • COMMA ExpressionList
   41 Expression: Expression • AND Expression
   42           | Expression • OR Expression
   43           | Expression • LESS_THAN Expression
   44           | Expression • GREATER_THAN Expression
   45           | Expression • ADD Expression
   46           | Expression • SUBTRACT Expression
   47           | Expression • MULTIPLY Expression
   48           | Expression • EQUAL Expression
   49           | Expression • DIVIDE Expression
   50           | Expression • LEFT_BRACKET Expression RIGHT_BRACKET
   51           | Expression • DOT LENGTH
   52           | Expression • DOT Identifier LEFT_PARENTHESIS ExpressionList RIGHT_PARENTHESIS

    AND           shift, and go to state 62
    OR            shift, and go to state 63
    LESS_THAN     shift, and go to state 64
    GREATER_THAN  shift, and go to state 65
    EQUAL         shift, and go to state 66
    ADD           shift, and go to state 67
    SUBTRACT      shift, and go to state 68
    MULTIPLY      shift, and go to state 69
    DIVIDE        shift, and go to state 70
    LEFT_BRACKET  shift, and go to state 71
    DOT           shift, and go to state 72
    COMMA         shift, and go to state 125

    $default  reduce using rule 38 (ExpressionList)


State 114

    3 MainMethod: PUBLIC STATIC VOID MAIN LEFT_PARENTHESIS STRING LEFT_BRACKET RIGHT_BRACKET Identifier • RIGHT_PARENTHESIS LEFT_BRACE MethodBody RIGHT_BRACE

    RIGHT_PARENTHESIS  shift, and go to state 126


State 115

   32 Statement: IF LEFT_PARENTHESIS • Expression RIGHT_PARENTHESIS Statement
   33          | IF LEFT_PARENTHESIS • Expression RIGHT_PARENTHESIS Statement ELSE Statement

    TRUE              shift, and go to state 44
    FALSE             shift, and go to state 45
    THIS              shift, and go to state 46
    NEW               shift, and go to state 47
    NOT               shift, and go to state 48
    LEFT_PARENTHESIS  shift, and go to state 49
    IDENTIFIER        shift, and go to state 9
    INTEGER_LITERAL   shift, and go to state 50

    Expression  go to state 127
    Identifier  go to state 52


State 116

   34 Statement: WHILE LEFT_PARENTHESIS • Expression RIGHT_PARENTHESIS Statement

    TRUE              shift, and go to state 44
    FALSE             shift, and go to state 45
    THIS              shift, and go to state 46
    NEW               shift, and go to state 47
    NOT               shift, and go to state 48
    LEFT_PARENTHESIS  shift, and go to state 49
    IDENTIFIER        shift, and go to state 9
    INTEGER_LITERAL   shift, and go to state 50

    Expression  go to state 128
    Identifier  go to state 52


State 117

   36 Statement: IDENTIFIER • ASSIGN Expression SEMICOLON

    ASSIGN  shift, and go to state 120


State 118

   37 Statement: LEFT_BRACE StatementList • RIGHT_BRACE

    RIGHT_BRACE  shift, and go to state 129


State 119

   30 StatementList: Statement • StatementList

    IF                  shift, and go to state 102
    WHILE               shift, and go to state 103
    LEFT_BRACE          shift, and go to state 104
    IDENTIFIER          shift, and go to state 117
    SYSTEM_OUT_PRINTLN  shift, and go to state 106

    $default  reduce using rule 31 (StatementList)

    StatementList  go to state 130
    Statement      go to state 119


State 120

   36 Statement: IDENTIFIER ASSIGN • Expression SEMICOLON

    TRUE              shift, and go to state 44
    FALSE             shift, and go to state 45
    THIS              shift, and go to state 46
    NEW               shift, and go to state 47
    NOT               shift, and go to state 48
    LEFT_PARENTHESIS  shift, and go to state 49
    IDENTIFIER        shift, and go to state 9
    INTEGER_LITERAL   shift, and go to state 50

    Expression  go to state 131
    Identifier  go to state 52


State 121

   35 Statement: SYSTEM_OUT_PRINTLN LEFT_PARENTHESIS • Expression RIGHT_PARENTHESIS SEMICOLON

    TRUE              shift, and go to state 44
    FALSE             shift, and go to state 45
    THIS              shift, and go to state 46
    NEW               shift, and go to state 47
    NOT               shift, and go to state 48
    LEFT_PARENTHESIS  shift, and go to state 49
    IDENTIFIER        shift, and go to state 9
    INTEGER_LITERAL   shift, and go to state 50

    Expression  go to state 132
    Identifier  go to state 52


State 122

   11 MethodDeclaration: PUBLIC TypeOrIdentifier Identifier LEFT_PARENTHESIS ParameterList RIGHT_PARENTHESIS LEFT_BRACE MethodBody RETURN • Expression SEMICOLON RIGHT_BRACE

    TRUE              shift, and go to state 44
    FALSE             shift, and go to state 45
    THIS              shift, and go to state 46
    NEW               shift, and go to state 47
    NOT               shift, and go to state 48
    LEFT_PARENTHESIS  shift, and go to state 49
    IDENTIFIER        shift, and go to state 9
    INTEGER_LITERAL   shift, and go to state 50

    Expression  go to state 133
    Identifier  go to state 52


State 123

   12 MethodBody: MethodBodyItem MethodBody •

    $default  reduce using rule 12 (MethodBody)


State 124

   52 Expression: Expression DOT Identifier LEFT_PARENTHESIS ExpressionList RIGHT_PARENTHESIS •

    $default  reduce using rule 52 (Expression)


State 125

   39 ExpressionList: Expression COMMA • ExpressionList

    TRUE              shift, and go to state 44
    FALSE             shift, and go to state 45
    THIS              shift, and go to state 46
    NEW               shift, and go to state 47
    NOT               shift, and go to state 48
    LEFT_PARENTHESIS  shift, and go to state 49
    IDENTIFIER        shift, and go to state 9
    INTEGER_LITERAL   shift, and go to state 50

    $default  reduce using rule 40 (ExpressionList)

    ExpressionList  go to state 134
    Expression      go to state 113
    Identifier      go to state 52


State 126

    3 MainMethod: PUBLIC STATIC VOID MAIN LEFT_PARENTHESIS STRING LEFT_BRACKET RIGHT_BRACKET Identifier RIGHT_PARENTHESIS • LEFT_BRACE MethodBody RIGHT_BRACE

    LEFT_BRACE  shift, and go to state 135


State 127

   32 Statement: IF LEFT_PARENTHESIS Expression • RIGHT_PARENTHESIS Statement
   33          | IF LEFT_PARENTHESIS Expression • RIGHT_PARENTHESIS Statement ELSE Statement
   41 Expression: Expression • AND Expression
   42           | Expression • OR Expression
   43           | Expression • LESS_THAN Expression
   44           | Expression • GREATER_THAN Expression
   45           | Expression • ADD Expression
   46           | Expression • SUBTRACT Expression
   47           | Expression • MULTIPLY Expression
   48           | Expression • EQUAL Expression
   49           | Expression • DIVIDE Expression
   50           | Expression • LEFT_BRACKET Expression RIGHT_BRACKET
   51           | Expression • DOT LENGTH
   52           | Expression • DOT Identifier LEFT_PARENTHESIS ExpressionList RIGHT_PARENTHESIS

    AND                shift, and go to state 62
    OR                 shift, and go to state 63
    LESS_THAN          shift, and go to state 64
    GREATER_THAN       shift, and go to state 65
    EQUAL              shift, and go to state 66
    ADD                shift, and go to state 67
    SUBTRACT           shift, and go to state 68
    MULTIPLY           shift, and go to state 69
    DIVIDE             shift, and go to state 70
    RIGHT_PARENTHESIS  shift, and go to state 136
    LEFT_BRACKET       shift, and go to state 71
    DOT                shift, and go to state 72


State 128

   34 Statement: WHILE LEFT_PARENTHESIS Expression • RIGHT_PARENTHESIS Statement
   41 Expression: Expression • AND Expression
   42           | Expression • OR Expression
   43           | Expression • LESS_THAN Expression
   44           | Expression • GREATER_THAN Expression
   45           | Expression • ADD Expression
   46           | Expression • SUBTRACT Expression
   47           | Expression • MULTIPLY Expression
   48           | Expression • EQUAL Expression
   49           | Expression • DIVIDE Expression
   50           | Expression • LEFT_BRACKET Expression RIGHT_BRACKET
   51           | Expression • DOT LENGTH
   52           | Expression • DOT Identifier LEFT_PARENTHESIS ExpressionList RIGHT_PARENTHESIS

    AND                shift, and go to state 62
    OR                 shift, and go to state 63
    LESS_THAN          shift, and go to state 64
    GREATER_THAN       shift, and go to state 65
    EQUAL              shift, and go to state 66
    ADD                shift, and go to state 67
    SUBTRACT           shift, and go to state 68
    MULTIPLY           shift, and go to state 69
    DIVIDE             shift, and go to state 70
    RIGHT_PARENTHESIS  shift, and go to state 137
    LEFT_BRACKET       shift, and go to state 71
    DOT                shift, and go to state 72


State 129

   37 Statement: LEFT_BRACE StatementList RIGHT_BRACE •

    $default  reduce using rule 37 (Statement)


State 130

   30 StatementList: Statement StatementList •

    $default  reduce using rule 30 (StatementList)


State 131

   36 Statement: IDENTIFIER ASSIGN Expression • SEMICOLON
   41 Expression: Expression • AND Expression
   42           | Expression • OR Expression
   43           | Expression • LESS_THAN Expression
   44           | Expression • GREATER_THAN Expression
   45           | Expression • ADD Expression
   46           | Expression • SUBTRACT Expression
   47           | Expression • MULTIPLY Expression
   48           | Expression • EQUAL Expression
   49           | Expression • DIVIDE Expression
   50           | Expression • LEFT_BRACKET Expression RIGHT_BRACKET
   51           | Expression • DOT LENGTH
   52           | Expression • DOT Identifier LEFT_PARENTHESIS ExpressionList RIGHT_PARENTHESIS

    AND           shift, and go to state 62
    OR            shift, and go to state 63
    LESS_THAN     shift, and go to state 64
    GREATER_THAN  shift, and go to state 65
    EQUAL         shift, and go to state 66
    ADD           shift, and go to state 67
    SUBTRACT      shift, and go to state 68
    MULTIPLY      shift, and go to state 69
    DIVIDE        shift, and go to state 70
    LEFT_BRACKET  shift, and go to state 71
    DOT           shift, and go to state 72
    SEMICOLON     shift, and go to state 138


State 132

   35 Statement: SYSTEM_OUT_PRINTLN LEFT_PARENTHESIS Expression • RIGHT_PARENTHESIS SEMICOLON
   41 Expression: Expression • AND Expression
   42           | Expression • OR Expression
   43           | Expression • LESS_THAN Expression
   44           | Expression • GREATER_THAN Expression
   45           | Expression • ADD Expression
   46           | Expression • SUBTRACT Expression
   47           | Expression • MULTIPLY Expression
   48           | Expression • EQUAL Expression
   49           | Expression • DIVIDE Expression
   50           | Expression • LEFT_BRACKET Expression RIGHT_BRACKET
   51           | Expression • DOT LENGTH
   52           | Expression • DOT Identifier LEFT_PARENTHESIS ExpressionList RIGHT_PARENTHESIS

    AND                shift, and go to state 62
    OR                 shift, and go to state 63
    LESS_THAN          shift, and go to state 64
    GREATER_THAN       shift, and go to state 65
    EQUAL              shift, and go to state 66
    ADD                shift, and go to state 67
    SUBTRACT           shift, and go to state 68
    MULTIPLY           shift, and go to state 69
    DIVIDE             shift, and go to state 70
    RIGHT_PARENTHESIS  shift, and go to state 139
    LEFT_BRACKET       shift, and go to state 71
    DOT                shift, and go to state 72


State 133

   11 MethodDeclaration: PUBLIC TypeOrIdentifier Identifier LEFT_PARENTHESIS ParameterList RIGHT_PARENTHESIS LEFT_BRACE MethodBody RETURN Expression • SEMICOLON RIGHT_BRACE
   41 Expression: Expression • AND Expression
   42           | Expression • OR Expression
   43           | Expression • LESS_THAN Expression
   44           | Expression • GREATER_THAN Expression
   45           | Expression • ADD Expression
   46           | Expression • SUBTRACT Expression
   47           | Expression • MULTIPLY Expression
   48           | Expression • EQUAL Expression
   49           | Expression • DIVIDE Expression
   50           | Expression • LEFT_BRACKET Expression RIGHT_BRACKET
   51           | Expression • DOT LENGTH
   52           | Expression • DOT Identifier LEFT_PARENTHESIS ExpressionList RIGHT_PARENTHESIS

    AND           shift, and go to state 62
    OR            shift, and go to state 63
    LESS_THAN     shift, and go to state 64
    GREATER_THAN  shift, and go to state 65
    EQUAL         shift, and go to state 66
    ADD           shift, and go to state 67
    SUBTRACT      shift, and go to state 68
    MULTIPLY      shift, and go to state 69
    DIVIDE        shift, and go to state 70
    LEFT_BRACKET  shift, and go to state 71
    DOT           shift, and go to state 72
    SEMICOLON     shift, and go to state 140


State 134

   39 ExpressionList: Expression COMMA ExpressionList •

    $default  reduce using rule 39 (ExpressionList)


State 135

    3 MainMethod: PUBLIC STATIC VOID MAIN LEFT_PARENTHESIS STRING LEFT_BRACKET RIGHT_BRACKET Identifier RIGHT_PARENTHESIS LEFT_BRACE • MethodBody RIGHT_BRACE

    STRING              shift, and go to state 16
    INT                 shift, and go to state 17
    BOOLEAN             shift, and go to state 18
    IF                  shift, and go to state 102
    WHILE               shift, and go to state 103
    LEFT_BRACE          shift, and go to state 104
    IDENTIFIER          shift, and go to state 105
    SYSTEM_OUT_PRINTLN  shift, and go to state 106

    $default  reduce using rule 13 (MethodBody)

    VarDeclaration    go to state 107
    TypeOrIdentifier  go to state 21
    MethodBody        go to state 141
    MethodBodyItem    go to state 109
    Type              go to state 25
    Statement         go to state 110
    Identifier        go to state 26


State 136

   32 Statement: IF LEFT_PARENTHESIS Expression RIGHT_PARENTHESIS • Statement
   33          | IF LEFT_PARENTHESIS Expression RIGHT_PARENTHESIS • Statement ELSE Statement

    IF                  shift, and go to state 102
    WHILE               shift, and go to state 103
    LEFT_BRACE          shift, and go to state 104
    IDENTIFIER          shift, and go to state 117
    SYSTEM_OUT_PRINTLN  shift, and go to state 106

    Statement  go to state 142


State 137

   34 Statement: WHILE LEFT_PARENTHESIS Expression RIGHT_PARENTHESIS • Statement

    IF                  shift, and go to state 102
    WHILE               shift, and go to state 103
    LEFT_BRACE          shift, and go to state 104
    IDENTIFIER          shift, and go to state 117
    SYSTEM_OUT_PRINTLN  shift, and go to state 106

    Statement  go to state 143


State 138

   36 Statement: IDENTIFIER ASSIGN Expression SEMICOLON •

    $default  reduce using rule 36 (Statement)


State 139

   35 Statement: SYSTEM_OUT_PRINTLN LEFT_PARENTHESIS Expression RIGHT_PARENTHESIS • SEMICOLON

    SEMICOLON  shift, and go to state 144


State 140

   11 MethodDeclaration: PUBLIC TypeOrIdentifier Identifier LEFT_PARENTHESIS ParameterList RIGHT_PARENTHESIS LEFT_BRACE MethodBody RETURN Expression SEMICOLON • RIGHT_BRACE

    RIGHT_BRACE  shift, and go to state 145


State 141

    3 MainMethod: PUBLIC STATIC VOID MAIN LEFT_PARENTHESIS STRING LEFT_BRACKET RIGHT_BRACKET Identifier RIGHT_PARENTHESIS LEFT_BRACE MethodBody • RIGHT_BRACE

    RIGHT_BRACE  shift, and go to state 146


State 142

   32 Statement: IF LEFT_PARENTHESIS Expression RIGHT_PARENTHESIS Statement •
   33          | IF LEFT_PARENTHESIS Expression RIGHT_PARENTHESIS Statement • ELSE Statement

    ELSE  shift, and go to state 147

    ELSE      [reduce using rule 32 (Statement)]
    $default  reduce using rule 32 (Statement)


State 143

   34 Statement: WHILE LEFT_PARENTHESIS Expression RIGHT_PARENTHESIS Statement •

    $default  reduce using rule 34 (Statement)


State 144

   35 Statement: SYSTEM_OUT_PRINTLN LEFT_PARENTHESIS Expression RIGHT_PARENTHESIS SEMICOLON •

    $default  reduce using rule 35 (Statement)


State 145

   11 MethodDeclaration: PUBLIC TypeOrIdentifier Identifier LEFT_PARENTHESIS ParameterList RIGHT_PARENTHESIS LEFT_BRACE MethodBody RETURN Expression SEMICOLON RIGHT_BRACE •

    $default  reduce using rule 11 (MethodDeclaration)


State 146

    3 MainMethod: PUBLIC STATIC VOID MAIN LEFT_PARENTHESIS STRING LEFT_BRACKET RIGHT_BRACKET Identifier RIGHT_PARENTHESIS LEFT_BRACE MethodBody RIGHT_BRACE •

    $default  reduce using rule 3 (MainMethod)


State 147

   33 Statement: IF LEFT_PARENTHESIS Expression RIGHT_PARENTHESIS Statement ELSE • Statement

    IF                  shift, and go to state 102
    WHILE               shift, and go to state 103
    LEFT_BRACE          shift, and go to state 104
    IDENTIFIER          shift, and go to state 117
    SYSTEM_OUT_PRINTLN  shift, and go to state 106

    Statement  go to state 148


State 148

   33 Statement: IF LEFT_PARENTHESIS Expression RIGHT_PARENTHESIS Statement ELSE Statement •

    $default  reduce using rule 33 (Statement)
