This is pdfTeX, Version 3.141592653-2.6-1.40.24 (TeX Live 2022) (preloaded format=pdflatex 2022.4.21)  23 APR 2022 15:57
entering extended mode
 restricted \write18 enabled.
 file:line:error style messages enabled.
 %&-line parsing enabled.
**/home/lajna/code/newNotes/ET1524/code/report.tex
(/home/lajna/code/newNotes/ET1524/code/report.tex
LaTeX2e <2021-11-15> patch level 1
L3 programming layer <2022-04-20> (/home/lajna/texLive/2022/texmf-dist/tex/latex/base/report.cls
Document Class: report 2021/10/04 v1.4n Standard LaTeX document class
(/home/lajna/texLive/2022/texmf-dist/tex/latex/base/size10.clo
File: size10.clo 2021/10/04 v1.4n Standard LaTeX file (size option)
)
\c@part=\count185
\c@chapter=\count186
\c@section=\count187
\c@subsection=\count188
\c@subsubsection=\count189
\c@paragraph=\count190
\c@subparagraph=\count191
\c@figure=\count192
\c@table=\count193
\abovecaptionskip=\skip47
\belowcaptionskip=\skip48
\bibindent=\dimen138
) (/home/lajna/texLive/2022/texmf-dist/tex/latex/pdfpages/pdfpages.sty
Package: pdfpages 2022/01/29 v0.5u Insert pages of external PDF documents (AM)
 (/home/lajna/texLive/2022/texmf-dist/tex/latex/base/ifthen.sty
Package: ifthen 2020/11/24 v1.1c Standard LaTeX ifthen package (DPC)
) (/home/lajna/texLive/2022/texmf-dist/tex/latex/tools/calc.sty
Package: calc 2017/05/25 v4.3 Infix arithmetic (KKT,FJ)
\calc@Acount=\count194
\calc@Bcount=\count195
\calc@Adimen=\dimen139
\calc@Bdimen=\dimen140
\calc@Askip=\skip49
\calc@Bskip=\skip50
LaTeX Info: Redefining \setlength on input line 80.
LaTeX Info: Redefining \addtolength on input line 81.
\calc@Ccount=\count196
\calc@Cskip=\skip51
) (/home/lajna/texLive/2022/texmf-dist/tex/latex/eso-pic/eso-pic.sty
Package: eso-pic 2020/10/14 v3.0a eso-pic (RN)
\ESO@tempdima=\dimen141
\ESO@tempdimb=\dimen142
 (/home/lajna/texLive/2022/texmf-dist/tex/latex/graphics/keyval.sty
Package: keyval 2014/10/28 v1.15 key=value parser (DPC)
\KV@toks@=\toks16
) (/home/lajna/texLive/2022/texmf-dist/tex/latex/xcolor/xcolor.sty
Package: xcolor 2021/10/31 v2.13 LaTeX color extensions (UK)
 (/home/lajna/texLive/2022/texmf-dist/tex/latex/graphics-cfg/color.cfg
File: color.cfg 2016/01/02 v1.6 sample color configuration
)
Package xcolor Info: Driver file: pdftex.def on input line 227.
 (/home/lajna/texLive/2022/texmf-dist/tex/latex/graphics-def/pdftex.def
File: pdftex.def 2020/10/05 v1.2a Graphics/color driver for pdftex
)
Package xcolor Info: Model `cmy' substituted by `cmy0' on input line 1352.
Package xcolor Info: Model `hsb' substituted by `rgb' on input line 1356.
Package xcolor Info: Model `RGB' extended on input line 1368.
Package xcolor Info: Model `HTML' substituted by `rgb' on input line 1370.
Package xcolor Info: Model `Hsb' substituted by `hsb' on input line 1371.
Package xcolor Info: Model `tHsb' substituted by `hsb' on input line 1372.
Package xcolor Info: Model `HSB' substituted by `hsb' on input line 1373.
Package xcolor Info: Model `Gray' substituted by `gray' on input line 1374.
Package xcolor Info: Model `wave' substituted by `hsb' on input line 1375.
)) (/home/lajna/texLive/2022/texmf-dist/tex/latex/graphics/graphicx.sty
Package: graphicx 2021/09/16 v1.2d Enhanced LaTeX Graphics (DPC,SPQR)
 (/home/lajna/texLive/2022/texmf-dist/tex/latex/graphics/graphics.sty
Package: graphics 2021/03/04 v1.4d Standard LaTeX Graphics (DPC,SPQR)
 (/home/lajna/texLive/2022/texmf-dist/tex/latex/graphics/trig.sty
Package: trig 2021/08/11 v1.11 sin cos tan (DPC)
) (/home/lajna/texLive/2022/texmf-dist/tex/latex/graphics-cfg/graphics.cfg
File: graphics.cfg 2016/06/04 v1.11 sample graphics configuration
)
Package graphics Info: Driver file: pdftex.def on input line 107.
)
\Gin@req@height=\dimen143
\Gin@req@width=\dimen144
)
\AM@pagewidth=\dimen145
\AM@pageheight=\dimen146
\AM@fboxrule=\dimen147
 (/home/lajna/texLive/2022/texmf-dist/tex/latex/pdfpages/pppdftex.def
File: pppdftex.def 2022/01/29 v0.5u Pdfpages driver for pdfTeX (AM)
)
\pdfpages@includegraphics@status=\count197
\AM@pagebox=\box50
\AM@global@opts=\toks17
\AM@pagecnt=\count198
\AM@toc@title=\toks18
\c@AM@survey=\count199
\AM@templatesizebox=\box51
) (/home/lajna/texLive/2022/texmf-dist/tex/latex/l3backend/l3backend-pdftex.def
File: l3backend-pdftex.def 2022-04-20 L3 backend support: PDF output (pdfTeX)
\l__color_backend_stack_int=\count266
\l__pdf_internal_box=\box52
) (./report.aux)
\openout1 = `report.aux'.

LaTeX Font Info:    Checking defaults for OML/cmm/m/it on input line 4.
LaTeX Font Info:    ... okay on input line 4.
LaTeX Font Info:    Checking defaults for OMS/cmsy/m/n on input line 4.
LaTeX Font Info:    ... okay on input line 4.
LaTeX Font Info:    Checking defaults for OT1/cmr/m/n on input line 4.
LaTeX Font Info:    ... okay on input line 4.
LaTeX Font Info:    Checking defaults for T1/cmr/m/n on input line 4.
LaTeX Font Info:    ... okay on input line 4.
LaTeX Font Info:    Checking defaults for TS1/cmr/m/n on input line 4.
LaTeX Font Info:    ... okay on input line 4.
LaTeX Font Info:    Checking defaults for OMX/cmex/m/n on input line 4.
LaTeX Font Info:    ... okay on input line 4.
LaTeX Font Info:    Checking defaults for U/cmr/m/n on input line 4.
LaTeX Font Info:    ... okay on input line 4.
 (/home/lajna/texLive/2022/texmf-dist/tex/context/base/mkii/supp-pdf.mkii
[Loading MPS to PDF converter (version 2006.09.02).]
\scratchcounter=\count267
\scratchdimen=\dimen148
\scratchbox=\box53
\nofMPsegments=\count268
\nofMParguments=\count269
\everyMPshowfont=\toks19
\MPscratchCnt=\count270
\MPscratchDim=\dimen149
\MPnumerator=\count271
\makeMPintoPDFobject=\count272
\everyMPtoPDFconversion=\toks20
) (/home/lajna/texLive/2022/texmf-dist/tex/latex/epstopdf-pkg/epstopdf-base.sty
Package: epstopdf-base 2020-01-24 v2.11 Base part for package epstopdf
Package epstopdf-base Info: Redefining graphics rule for `.eps' on input line 485.
 (/home/lajna/texLive/2022/texmf-dist/tex/latex/latexconfig/epstopdf-sys.cfg
File: epstopdf-sys.cfg 2010/07/13 v1.3 Configuration of (r)epstopdf for TeX Live
)) (/home/lajna/texLive/2022/texmf-dist/tex/latex/pdflscape/pdflscape.sty
Package: pdflscape 2019/12/05 v0.12 Display of landscape pages in PDF (HO)
 (/home/lajna/texLive/2022/texmf-dist/tex/generic/iftex/iftex.sty
Package: iftex 2022/02/03 v1.0f TeX engine tests
) (/home/lajna/texLive/2022/texmf-dist/tex/latex/graphics/lscape.sty
Package: lscape 2020/05/28 v3.02 Landscape Pages (DPC)
)
Package pdflscape Info: Auto-detected driver: pdftex on input line 81.
)

/home/lajna/code/newNotes/ET1524/code/report.tex:7: Package pdfpages Error: Cannot find file `myfile.pdf'.

See the pdfpages package documentation for explanation.
Type  H <return>  for immediate help.
 ...                                              
                                                  
l.7     \includepdf[pages=-]{myfile.pdf}
                                        
This error message was generated by an \errmessage
command, so I can't give any explicit help.
Pretend that you're Hercule Poirot: Examine all clues,
and deduce the truth by order and method.


/home/lajna/code/newNotes/ET1524/code/report.tex:7: Package pdfpages Error: Cannot find file `-'.

See the pdfpages package documentation for explanation.
Type  H <return>  for immediate help.
 ...                                              
                                                  
l.7     \includepdf[pages=-]{myfile.pdf}
                                        
(That was another \errmessage.)

/home/lajna/code/newNotes/ET1524/code/report.tex:7: Undefined control sequence.
\AM@expand@range ...M@i \relax \@tempcntb =\AM@ii 
                                                  \relax \ifnum \@tempcnta <...
l.7     \includepdf[pages=-]{myfile.pdf}
                                        
The control sequence at the end of the top line
of your error message was never \def'ed. If you have
misspelled it (e.g., `\hobx'), type `I' and the correct
spelling (e.g., `I\hbox'). Otherwise just continue,
and I'll forget about whatever was undefined.

/home/lajna/code/newNotes/ET1524/code/report.tex:7: Missing number, treated as zero.
<to be read again> 
                   \relax 
l.7     \includepdf[pages=-]{myfile.pdf}
                                        
A number should have been here; I inserted `0'.
(If you can't figure out why I needed to see a number,
look up `weird error' in the index to The TeXbook.)

/home/lajna/code/newNotes/ET1524/code/report.tex:7: Undefined control sequence.
\AM@checkpagenumber #1->\ifnum #1>\AM@pagecount 
                                                \relax \ifthenelse {\boolean...
l.7     \includepdf[pages=-]{myfile.pdf}
                                        
The control sequence at the end of the top line
of your error message was never \def'ed. If you have
misspelled it (e.g., `\hobx'), type `I' and the correct
spelling (e.g., `I\hbox'). Otherwise just continue,
and I'll forget about whatever was undefined.

/home/lajna/code/newNotes/ET1524/code/report.tex:7: Missing number, treated as zero.
<to be read again> 
                   \relax 
l.7     \includepdf[pages=-]{myfile.pdf}
                                        
A number should have been here; I inserted `0'.
(If you can't figure out why I needed to see a number,
look up `weird error' in the index to The TeXbook.)


/home/lajna/code/newNotes/ET1524/code/report.tex:7: Package pdfpages Error: Page 1 of `\AM@currentdocname ' does not exist.

See the pdfpages package documentation for explanation.
Type  H <return>  for immediate help.
 ...                                              
                                                  
l.7     \includepdf[pages=-]{myfile.pdf}
                                        
You have set a wrong page number in the `pages' option. Document 
`\AM@currentdocname ' does not have 1 pages.

/home/lajna/code/newNotes/ET1524/code/report.tex:7: Undefined control sequence.
\AM@checkpagenumber #1->\ifnum #1>\AM@pagecount 
                                                \relax \ifthenelse {\boolean...
l.7     \includepdf[pages=-]{myfile.pdf}
                                        
The control sequence at the end of the top line
of your error message was never \def'ed. If you have
misspelled it (e.g., `\hobx'), type `I' and the correct
spelling (e.g., `I\hbox'). Otherwise just continue,
and I'll forget about whatever was undefined.

/home/lajna/code/newNotes/ET1524/code/report.tex:7: Missing number, treated as zero.
<to be read again> 
                   \relax 
l.7     \includepdf[pages=-]{myfile.pdf}
                                        
A number should have been here; I inserted `0'.
(If you can't figure out why I needed to see a number,
look up `weird error' in the index to The TeXbook.)

/home/lajna/code/newNotes/ET1524/code/report.tex:7: Missing endcsname inserted.
<to be read again> 
                   AM@currentdocname 
l.7     \includepdf[pages=-]{myfile.pdf}
                                        
The control sequence marked <to be read again> should
not appear between \csname and \endcsname.

/home/lajna/code/newNotes/ET1524/code/report.tex:7: Use of ??? doesn't match its definition.
<argument> ???  
                ! LaTeX3 Error: AM@currentdocname invalid in file name. Lost: .
l.7     \includepdf[pages=-]{myfile.pdf}
                                        
If you say, e.g., `\def\a1{...}', then you must always
put `1' after `\a', since control sequence names are
made up of letters only. The macro here has not been
followed by the required stuff, so I'm ignoring it.

/home/lajna/code/newNotes/ET1524/code/report.tex:7: Missing endcsname inserted.
<to be read again> 
                   AM@currentdocname 
l.7     \includepdf[pages=-]{myfile.pdf}
                                        
The control sequence marked <to be read again> should
not appear between \csname and \endcsname.

/home/lajna/code/newNotes/ET1524/code/report.tex:7: Use of ??? doesn't match its definition.
<argument> ???  
                ! LaTeX3 Error: AM@currentdocname invalid in file name. Lost: .
l.7     \includepdf[pages=-]{myfile.pdf}
                                        
If you say, e.g., `\def\a1{...}', then you must always
put `1' after `\a', since control sequence names are
made up of letters only. The macro here has not been
followed by the required stuff, so I'm ignoring it.

/home/lajna/code/newNotes/ET1524/code/report.tex:7: Missing endcsname inserted.
<to be read again> 
                   AM@currentdocname 
l.7     \includepdf[pages=-]{myfile.pdf}
                                        
The control sequence marked <to be read again> should
not appear between \csname and \endcsname.

/home/lajna/code/newNotes/ET1524/code/report.tex:7: Use of ??? doesn't match its definition.
<argument> ???  
                ! LaTeX3 Error: AM@currentdocname invalid in file name. Lost: .
l.7     \includepdf[pages=-]{myfile.pdf}
                                        
If you say, e.g., `\def\a1{...}', then you must always
put `1' after `\a', since control sequence names are
made up of letters only. The macro here has not been
followed by the required stuff, so I'm ignoring it.


/home/lajna/code/newNotes/ET1524/code/report.tex:7: LaTeX Error: File `\AM@currentdocname ' not found.

See the LaTeX manual or LaTeX Companion for explanation.
Type  H <return>  for immediate help.
 ...                                              
                                                  
l.7     \includepdf[pages=-]{myfile.pdf}
                                        
I could not locate the file with any of these extensions:
.pdf,.png,.jpg,.mps,.jpeg,.jbig2,.jb2,.PDF,.PNG,.JPG,.JPEG,.JBIG2,.JB2,.eps
Try typing  <return>  to proceed.
If that doesn't work, type  X <return>  to quit.

/home/lajna/code/newNotes/ET1524/code/report.tex:7: Arithmetic overflow.
<recently read> \calc@Acount 
                             
l.7     \includepdf[pages=-]{myfile.pdf}
                                        
I can't carry out that multiplication or division,
since the result is out of range.

/home/lajna/code/newNotes/ET1524/code/report.tex:7: Arithmetic overflow.
<recently read> \calc@Acount 
                             
l.7     \includepdf[pages=-]{myfile.pdf}
                                        
I can't carry out that multiplication or division,
since the result is out of range.

/home/lajna/code/newNotes/ET1524/code/report.tex:7: Missing endcsname inserted.
<to be read again> 
                   AM@currentdocname 
l.7     \includepdf[pages=-]{myfile.pdf}
                                        
The control sequence marked <to be read again> should
not appear between \csname and \endcsname.

/home/lajna/code/newNotes/ET1524/code/report.tex:7: Use of ??? doesn't match its definition.
<argument> ???  
                ! LaTeX3 Error: AM@currentdocname invalid in file name. Lost: .
l.7     \includepdf[pages=-]{myfile.pdf}
                                        
If you say, e.g., `\def\a1{...}', then you must always
put `1' after `\a', since control sequence names are
made up of letters only. The macro here has not been
followed by the required stuff, so I'm ignoring it.

/home/lajna/code/newNotes/ET1524/code/report.tex:7: Missing endcsname inserted.
<to be read again> 
                   AM@currentdocname 
l.7     \includepdf[pages=-]{myfile.pdf}
                                        
The control sequence marked <to be read again> should
not appear between \csname and \endcsname.

/home/lajna/code/newNotes/ET1524/code/report.tex:7: Use of ??? doesn't match its definition.
<argument> ???  
                ! LaTeX3 Error: AM@currentdocname invalid in file name. Lost: .
l.7     \includepdf[pages=-]{myfile.pdf}
                                        
If you say, e.g., `\def\a1{...}', then you must always
put `1' after `\a', since control sequence names are
made up of letters only. The macro here has not been
followed by the required stuff, so I'm ignoring it.

/home/lajna/code/newNotes/ET1524/code/report.tex:7: Missing endcsname inserted.
<to be read again> 
                   AM@currentdocname 
l.7     \includepdf[pages=-]{myfile.pdf}
                                        
The control sequence marked <to be read again> should
not appear between \csname and \endcsname.

/home/lajna/code/newNotes/ET1524/code/report.tex:7: Use of ??? doesn't match its definition.
<argument> ???  
                ! LaTeX3 Error: AM@currentdocname invalid in file name. Lost: .
l.7     \includepdf[pages=-]{myfile.pdf}
                                        
If you say, e.g., `\def\a1{...}', then you must always
put `1' after `\a', since control sequence names are
made up of letters only. The macro here has not been
followed by the required stuff, so I'm ignoring it.


/home/lajna/code/newNotes/ET1524/code/report.tex:7: LaTeX Error: File `\AM@currentdocname ' not found.

See the LaTeX manual or LaTeX Companion for explanation.
Type  H <return>  for immediate help.
 ...                                              
                                                  
l.7     \includepdf[pages=-]{myfile.pdf}
                                        
I could not locate the file with any of these extensions:
.pdf,.png,.jpg,.mps,.jpeg,.jbig2,.jb2,.PDF,.PNG,.JPG,.JPEG,.JBIG2,.JB2,.eps
Try typing  <return>  to proceed.
If that doesn't work, type  X <return>  to quit.

[1

{/home/lajna/texLive/2022/texmf-var/fonts/map/pdftex/updmap/pdftex.map}]
/home/lajna/code/newNotes/ET1524/code/report.tex:7: Missing endcsname inserted.
<to be read again> 
                   AM@currentdocname 
l.7     \includepdf[pages=-]{myfile.pdf}
                                        
The control sequence marked <to be read again> should
not appear between \csname and \endcsname.

/home/lajna/code/newNotes/ET1524/code/report.tex:7: Use of ??? doesn't match its definition.
<argument> ???  
                ! LaTeX3 Error: AM@currentdocname invalid in file name. Lost: .
l.7     \includepdf[pages=-]{myfile.pdf}
                                        
If you say, e.g., `\def\a1{...}', then you must always
put `1' after `\a', since control sequence names are
made up of letters only. The macro here has not been
followed by the required stuff, so I'm ignoring it.

/home/lajna/code/newNotes/ET1524/code/report.tex:7: Missing endcsname inserted.
<to be read again> 
                   AM@currentdocname 
l.7     \includepdf[pages=-]{myfile.pdf}
                                        
The control sequence marked <to be read again> should
not appear between \csname and \endcsname.

/home/lajna/code/newNotes/ET1524/code/report.tex:7: Use of ??? doesn't match its definition.
<argument> ???  
                ! LaTeX3 Error: AM@currentdocname invalid in file name. Lost: .
l.7     \includepdf[pages=-]{myfile.pdf}
                                        
If you say, e.g., `\def\a1{...}', then you must always
put `1' after `\a', since control sequence names are
made up of letters only. The macro here has not been
followed by the required stuff, so I'm ignoring it.

/home/lajna/code/newNotes/ET1524/code/report.tex:7: Missing endcsname inserted.
<to be read again> 
                   AM@currentdocname 
l.7     \includepdf[pages=-]{myfile.pdf}
                                        
The control sequence marked <to be read again> should
not appear between \csname and \endcsname.

/home/lajna/code/newNotes/ET1524/code/report.tex:7: Use of ??? doesn't match its definition.
<argument> ???  
                ! LaTeX3 Error: AM@currentdocname invalid in file name. Lost: .
l.7     \includepdf[pages=-]{myfile.pdf}
                                        
If you say, e.g., `\def\a1{...}', then you must always
put `1' after `\a', since control sequence names are
made up of letters only. The macro here has not been
followed by the required stuff, so I'm ignoring it.


/home/lajna/code/newNotes/ET1524/code/report.tex:7: LaTeX Error: File `\AM@currentdocname ' not found.

See the LaTeX manual or LaTeX Companion for explanation.
Type  H <return>  for immediate help.
 ...                                              
                                                  
l.7     \includepdf[pages=-]{myfile.pdf}
                                        
I could not locate the file with any of these extensions:
.pdf,.png,.jpg,.mps,.jpeg,.jbig2,.jb2,.PDF,.PNG,.JPG,.JPEG,.JBIG2,.JB2,.eps
Try typing  <return>  to proceed.
If that doesn't work, type  X <return>  to quit.

/home/lajna/code/newNotes/ET1524/code/report.tex:7: Missing endcsname inserted.
<to be read again> 
                   AM@currentdocname 
l.7     \includepdf[pages=-]{myfile.pdf}
                                        
The control sequence marked <to be read again> should
not appear between \csname and \endcsname.

/home/lajna/code/newNotes/ET1524/code/report.tex:7: Use of ??? doesn't match its definition.
<argument> ???  
                ! LaTeX3 Error: AM@currentdocname invalid in file name. Lost: .
l.7     \includepdf[pages=-]{myfile.pdf}
                                        
If you say, e.g., `\def\a1{...}', then you must always
put `1' after `\a', since control sequence names are
made up of letters only. The macro here has not been
followed by the required stuff, so I'm ignoring it.

/home/lajna/code/newNotes/ET1524/code/report.tex:7: Missing endcsname inserted.
<to be read again> 
                   AM@currentdocname 
l.7     \includepdf[pages=-]{myfile.pdf}
                                        
The control sequence marked <to be read again> should
not appear between \csname and \endcsname.

/home/lajna/code/newNotes/ET1524/code/report.tex:7: Use of ??? doesn't match its definition.
<argument> ???  
                ! LaTeX3 Error: AM@currentdocname invalid in file name. Lost: .
l.7     \includepdf[pages=-]{myfile.pdf}
                                        
If you say, e.g., `\def\a1{...}', then you must always
put `1' after `\a', since control sequence names are
made up of letters only. The macro here has not been
followed by the required stuff, so I'm ignoring it.

/home/lajna/code/newNotes/ET1524/code/report.tex:7: Missing endcsname inserted.
<to be read again> 
                   AM@currentdocname 
l.7     \includepdf[pages=-]{myfile.pdf}
                                        
The control sequence marked <to be read again> should
not appear between \csname and \endcsname.

/home/lajna/code/newNotes/ET1524/code/report.tex:7: Use of ??? doesn't match its definition.
<argument> ???  
                ! LaTeX3 Error: AM@currentdocname invalid in file name. Lost: .
l.7     \includepdf[pages=-]{myfile.pdf}
                                        
If you say, e.g., `\def\a1{...}', then you must always
put `1' after `\a', since control sequence names are
made up of letters only. The macro here has not been
followed by the required stuff, so I'm ignoring it.


/home/lajna/code/newNotes/ET1524/code/report.tex:7: LaTeX Error: File `\AM@currentdocname ' not found.

See the LaTeX manual or LaTeX Companion for explanation.
Type  H <return>  for immediate help.
 ...                                              
                                                  
l.7     \includepdf[pages=-]{myfile.pdf}
                                        
I could not locate the file with any of these extensions:
.pdf,.png,.jpg,.mps,.jpeg,.jbig2,.jb2,.PDF,.PNG,.JPG,.JPEG,.JBIG2,.JB2,.eps
Try typing  <return>  to proceed.
If that doesn't work, type  X <return>  to quit.

/home/lajna/code/newNotes/ET1524/code/report.tex:7: Missing endcsname inserted.
<to be read again> 
                   AM@currentdocname 
l.7     \includepdf[pages=-]{myfile.pdf}
                                        
The control sequence marked <to be read again> should
not appear between \csname and \endcsname.

/home/lajna/code/newNotes/ET1524/code/report.tex:7: Use of ??? doesn't match its definition.
<argument> ???  
                ! LaTeX3 Error: AM@currentdocname invalid in file name. Lost: .
l.7     \includepdf[pages=-]{myfile.pdf}
                                        
If you say, e.g., `\def\a1{...}', then you must always
put `1' after `\a', since control sequence names are
made up of letters only. The macro here has not been
followed by the required stuff, so I'm ignoring it.

/home/lajna/code/newNotes/ET1524/code/report.tex:7: Missing endcsname inserted.
<to be read again> 
                   AM@currentdocname 
l.7     \includepdf[pages=-]{myfile.pdf}
                                        
The control sequence marked <to be read again> should
not appear between \csname and \endcsname.

/home/lajna/code/newNotes/ET1524/code/report.tex:7: Use of ??? doesn't match its definition.
<argument> ???  
                ! LaTeX3 Error: AM@currentdocname invalid in file name. Lost: .
l.7     \includepdf[pages=-]{myfile.pdf}
                                        
If you say, e.g., `\def\a1{...}', then you must always
put `1' after `\a', since control sequence names are
made up of letters only. The macro here has not been
followed by the required stuff, so I'm ignoring it.

/home/lajna/code/newNotes/ET1524/code/report.tex:7: Missing endcsname inserted.
<to be read again> 
                   AM@currentdocname 
l.7     \includepdf[pages=-]{myfile.pdf}
                                        
The control sequence marked <to be read again> should
not appear between \csname and \endcsname.

/home/lajna/code/newNotes/ET1524/code/report.tex:7: Use of ??? doesn't match its definition.
<argument> ???  
                ! LaTeX3 Error: AM@currentdocname invalid in file name. Lost: .
l.7     \includepdf[pages=-]{myfile.pdf}
                                        
If you say, e.g., `\def\a1{...}', then you must always
put `1' after `\a', since control sequence names are
made up of letters only. The macro here has not been
followed by the required stuff, so I'm ignoring it.


/home/lajna/code/newNotes/ET1524/code/report.tex:7: LaTeX Error: File `\AM@currentdocname ' not found.

See the LaTeX manual or LaTeX Companion for explanation.
Type  H <return>  for immediate help.
 ...                                              
                                                  
l.7     \includepdf[pages=-]{myfile.pdf}
                                        
I could not locate the file with any of these extensions:
.pdf,.png,.jpg,.mps,.jpeg,.jbig2,.jb2,.PDF,.PNG,.JPG,.JPEG,.JBIG2,.JB2,.eps
Try typing  <return>  to proceed.
If that doesn't work, type  X <return>  to quit.

[2]
/home/lajna/code/newNotes/ET1524/code/report.tex:7: Missing endcsname inserted.
<to be read again> 
                   AM@currentdocname 
l.7     \includepdf[pages=-]{myfile.pdf}
                                        
The control sequence marked <to be read again> should
not appear between \csname and \endcsname.

/home/lajna/code/newNotes/ET1524/code/report.tex:7: Use of ??? doesn't match its definition.
<argument> ???  
                ! LaTeX3 Error: AM@currentdocname invalid in file name. Lost: .
l.7     \includepdf[pages=-]{myfile.pdf}
                                        
If you say, e.g., `\def\a1{...}', then you must always
put `1' after `\a', since control sequence names are
made up of letters only. The macro here has not been
followed by the required stuff, so I'm ignoring it.

/home/lajna/code/newNotes/ET1524/code/report.tex:7: Missing endcsname inserted.
<to be read again> 
                   AM@currentdocname 
l.7     \includepdf[pages=-]{myfile.pdf}
                                        
The control sequence marked <to be read again> should
not appear between \csname and \endcsname.

/home/lajna/code/newNotes/ET1524/code/report.tex:7: Use of ??? doesn't match its definition.
<argument> ???  
                ! LaTeX3 Error: AM@currentdocname invalid in file name. Lost: .
l.7     \includepdf[pages=-]{myfile.pdf}
                                        
If you say, e.g., `\def\a1{...}', then you must always
put `1' after `\a', since control sequence names are
made up of letters only. The macro here has not been
followed by the required stuff, so I'm ignoring it.

/home/lajna/code/newNotes/ET1524/code/report.tex:7: Missing endcsname inserted.
<to be read again> 
                   AM@currentdocname 
l.7     \includepdf[pages=-]{myfile.pdf}
                                        
The control sequence marked <to be read again> should
not appear between \csname and \endcsname.

/home/lajna/code/newNotes/ET1524/code/report.tex:7: Use of ??? doesn't match its definition.
<argument> ???  
                ! LaTeX3 Error: AM@currentdocname invalid in file name. Lost: .
l.7     \includepdf[pages=-]{myfile.pdf}
                                     